  Date.cpp
E:\Політех\ооп\4\lab_4.4\lab_4.4\Date.cpp(269,6): warning C4101: ostatok: неиспользованная локальная переменная
E:\Політех\ооп\4\lab_4.4\lab_4.4\Date.cpp(309,17): warning C4244: =: преобразование "double" в "int", возможна потеря данных
E:\Політех\ооп\4\lab_4.4\lab_4.4\Date.cpp(311,17): warning C4244: =: преобразование "double" в "int", возможна потеря данных
E:\Політех\ооп\4\lab_4.4\lab_4.4\Date.cpp(313,15): warning C4244: =: преобразование "double" в "int", возможна потеря данных
E:\Політех\ооп\4\lab_4.4\lab_4.4\Date.cpp(307,6): warning C4101: ostatok: неиспользованная локальная переменная
  lab_4.4.cpp
  Time.cpp
E:\Політех\ооп\4\lab_4.4\lab_4.4\Time.cpp(253,90): warning C4244: =: преобразование "double" в "int", возможна потеря данных
E:\Політех\ооп\4\lab_4.4\lab_4.4\Time.cpp(255,102): warning C4244: =: преобразование "double" в "int", возможна потеря данных
E:\Політех\ооп\4\lab_4.4\lab_4.4\Time.cpp(257,102): warning C4244: =: преобразование "double" в "int", возможна потеря данных
E:\Політех\ооп\4\lab_4.4\lab_4.4\Time.cpp(251,6): warning C4101: ostatok: неиспользованная локальная переменная
E:\Політех\ооп\4\lab_4.4\lab_4.4\Time.cpp(291,16): warning C4244: =: преобразование "double" в "int", возможна потеря данных
E:\Політех\ооп\4\lab_4.4\lab_4.4\Time.cpp(293,15): warning C4244: =: преобразование "double" в "int", возможна потеря данных
E:\Політех\ооп\4\lab_4.4\lab_4.4\Time.cpp(295,15): warning C4244: =: преобразование "double" в "int", возможна потеря данных
E:\Політех\ооп\4\lab_4.4\lab_4.4\Time.cpp(289,6): warning C4101: ostatok: неиспользованная локальная переменная
  Triad.cpp
  Создание кода...
E:\Політех\ооп\4\lab_4.4\lab_4.4\Time.cpp(179): warning C4715: Time::Сomparison: значение возвращается не при всех путях выполнения
E:\Політех\ооп\4\lab_4.4\lab_4.4\Date.cpp(201): warning C4715: Date::Сomparison: значение возвращается не при всех путях выполнения
  lab_4.4.vcxproj -> E:\Політех\ооп\4\lab_4.4\x64\Debug\lab_4.4.exe
